# JRE version: OpenJDK Runtime Environment (8.0_252-b09) (build 1.8.0_252-b09)
# Java VM: OpenJDK 64-Bit Server VM (25.252-b09 mixed mode windows-amd64 compressed oops)
Heap:
 PSYoungGen      total 76288K, used 26351K [0x000000076af00000, 0x0000000774400000, 0x00000007c0000000)
  eden space 65536K, 40% used [0x000000076af00000,0x000000076c8bbc90,0x000000076ef00000)
  from space 10752K, 0% used [0x000000076f980000,0x000000076f980000,0x0000000770400000)
  to   space 10752K, 0% used [0x000000076ef00000,0x000000076ef00000,0x000000076f980000)
 ParOldGen       total 109056K, used 8165K [0x00000006c0c00000, 0x00000006c7680000, 0x000000076af00000)
  object space 109056K, 7% used [0x00000006c0c00000,0x00000006c13f9750,0x00000006c7680000)
 Metaspace       used 23703K, capacity 24748K, committed 25088K, reserved 1071104K
  class space    used 2809K, capacity 3055K, committed 3072K, reserved 1048576K
GC Heap History (6 events):
Event: 0.697 GC heap before
{Heap before GC invocations=1 (full 0):
 PSYoungGen      total 76288K, used 65536K [0x000000076af00000, 0x0000000770400000, 0x00000007c0000000)
  eden space 65536K, 100% used [0x000000076af00000,0x000000076ef00000,0x000000076ef00000)
  from space 10752K, 0% used [0x000000076f980000,0x000000076f980000,0x0000000770400000)
  to   space 10752K, 0% used [0x000000076ef00000,0x000000076ef00000,0x000000076f980000)
 ParOldGen       total 175104K, used 0K [0x00000006c0c00000, 0x00000006cb700000, 0x000000076af00000)
  object space 175104K, 0% used [0x00000006c0c00000,0x00000006c0c00000,0x00000006cb700000)
 Metaspace       used 14996K, capacity 15922K, committed 16256K, reserved 1062912K
  class space    used 1893K, capacity 2102K, committed 2176K, reserved 1048576K
Event: 0.701 GC heap after
Heap after GC invocations=1 (full 0):
 PSYoungGen      total 76288K, used 8093K [0x000000076af00000, 0x0000000770400000, 0x00000007c0000000)
  eden space 65536K, 0% used [0x000000076af00000,0x000000076af00000,0x000000076ef00000)
  from space 10752K, 75% used [0x000000076ef00000,0x000000076f6e7600,0x000000076f980000)
  to   space 10752K, 0% used [0x000000076f980000,0x000000076f980000,0x0000000770400000)
 ParOldGen       total 175104K, used 16K [0x00000006c0c00000, 0x00000006cb700000, 0x000000076af00000)
  object space 175104K, 0% used [0x00000006c0c00000,0x00000006c0c04000,0x00000006cb700000)
 Metaspace       used 14996K, capacity 15922K, committed 16256K, reserved 1062912K
  class space    used 1893K, capacity 2102K, committed 2176K, reserved 1048576K
}
Event: 0.908 GC heap before
{Heap before GC invocations=2 (full 0):
 PSYoungGen      total 76288K, used 36294K [0x000000076af00000, 0x0000000770400000, 0x00000007c0000000)
  eden space 65536K, 43% used [0x000000076af00000,0x000000076ca8a5b8,0x000000076ef00000)
  from space 10752K, 75% used [0x000000076ef00000,0x000000076f6e7600,0x000000076f980000)
  to   space 10752K, 0% used [0x000000076f980000,0x000000076f980000,0x0000000770400000)
 ParOldGen       total 175104K, used 16K [0x00000006c0c00000, 0x00000006cb700000, 0x000000076af00000)
  object space 175104K, 0% used [0x00000006c0c00000,0x00000006c0c04000,0x00000006cb700000)
 Metaspace       used 20180K, capacity 21074K, committed 21296K, reserved 1069056K
  class space    used 2436K, capacity 2646K, committed 2688K, reserved 1048576K
Event: 0.912 GC heap after
Heap after GC invocations=2 (full 0):
 PSYoungGen      total 76288K, used 8734K [0x000000076af00000, 0x0000000774400000, 0x00000007c0000000)
  eden space 65536K, 0% used [0x000000076af00000,0x000000076af00000,0x000000076ef00000)
  from space 10752K, 81% used [0x000000076f980000,0x0000000770207aa0,0x0000000770400000)
  to   space 10752K, 0% used [0x000000076ef00000,0x000000076ef00000,0x000000076f980000)
 ParOldGen       total 175104K, used 24K [0x00000006c0c00000, 0x00000006cb700000, 0x000000076af00000)
  object space 175104K, 0% used [0x00000006c0c00000,0x00000006c0c06000,0x00000006cb700000)
 Metaspace       used 20180K, capacity 21074K, committed 21296K, reserved 1069056K
  class space    used 2436K, capacity 2646K, committed 2688K, reserved 1048576K
}
Event: 0.912 GC heap before
{Heap before GC invocations=3 (full 1):
 PSYoungGen      total 76288K, used 8734K [0x000000076af00000, 0x0000000774400000, 0x00000007c0000000)
  eden space 65536K, 0% used [0x000000076af00000,0x000000076af00000,0x000000076ef00000)
  from space 10752K, 81% used [0x000000076f980000,0x0000000770207aa0,0x0000000770400000)
  to   space 10752K, 0% used [0x000000076ef00000,0x000000076ef00000,0x000000076f980000)
 ParOldGen       total 175104K, used 24K [0x00000006c0c00000, 0x00000006cb700000, 0x000000076af00000)
  object space 175104K, 0% used [0x00000006c0c00000,0x00000006c0c06000,0x00000006cb700000)
 Metaspace       used 20180K, capacity 21074K, committed 21296K, reserved 1069056K
  class space    used 2436K, capacity 2646K, committed 2688K, reserved 1048576K
Event: 0.926 GC heap after
Heap after GC invocations=3 (full 1):
 PSYoungGen      total 76288K, used 0K [0x000000076af00000, 0x0000000774400000, 0x00000007c0000000)
  eden space 65536K, 0% used [0x000000076af00000,0x000000076af00000,0x000000076ef00000)
  from space 10752K, 0% used [0x000000076f980000,0x000000076f980000,0x0000000770400000)
  to   space 10752K, 0% used [0x000000076ef00000,0x000000076ef00000,0x000000076f980000)
 ParOldGen       total 109056K, used 8165K [0x00000006c0c00000, 0x00000006c7680000, 0x000000076af00000)
  object space 109056K, 7% used [0x00000006c0c00000,0x00000006c13f9750,0x00000006c7680000)
 Metaspace       used 20180K, capacity 21074K, committed 21296K, reserved 1069056K
  class space    used 2436K, capacity 2646K, committed 2688K, reserved 1048576K
}

